<?xml version="1.0" encoding="UTF-8"?>
<testng-results skipped="0" failed="0" ignored="0" total="1" passed="1">
  <reporter-output>
  </reporter-output>
  <suite name="test.TestMaven" duration-ms="19494" started-at="2019-03-25T17:04:05Z" finished-at="2019-03-25T17:04:25Z">
    <groups>
    </groups>
    <test name="Command line test" duration-ms="19494" started-at="2019-03-25T17:04:05Z" finished-at="2019-03-25T17:04:25Z">
      <class name="test.TestMaven">
        <test-method status="PASS" signature="firstMaven()[pri:0, instance:test.TestMaven@96532d6]" name="firstMaven" duration-ms="19462" started-at="2019-03-25T17:04:05Z" finished-at="2019-03-25T17:04:25Z">
          <reporter-output>
          </reporter-output>
        </test-method> <!-- firstMaven -->
      </class> <!-- test.TestMaven -->
    </test> <!-- Command line test -->
  </suite> <!-- test.TestMaven -->
</testng-results>
