<?xml version="1.0" encoding="UTF-8"?>
<testng-results skipped="0" failed="0" ignored="0" total="1" passed="1">
  <reporter-output>
  </reporter-output>
  <suite name="Default suite" duration-ms="36334" started-at="2019-03-25T12:21:12Z" finished-at="2019-03-25T12:21:48Z">
    <groups>
    </groups>
    <test name="Default test" duration-ms="36334" started-at="2019-03-25T12:21:12Z" finished-at="2019-03-25T12:21:48Z">
      <class name="test.TestMaven">
        <test-method status="PASS" signature="firstMaven()[pri:0, instance:test.TestMaven@724af044]" name="firstMaven" duration-ms="36277" started-at="2019-03-25T12:21:12Z" finished-at="2019-03-25T12:21:48Z">
          <reporter-output>
          </reporter-output>
        </test-method> <!-- firstMaven -->
      </class> <!-- test.TestMaven -->
    </test> <!-- Default test -->
  </suite> <!-- Default suite -->
</testng-results>
